This is pdfTeX, Version 3.14159265-2.6-1.40.17 (MiKTeX 2.9.6210) (preloaded format=pdflatex 2018.3.9)  31 MAR 2018 00:01
entering extended mode
**./thesis-NITA.tex
(thesis-NITA.tex
LaTeX2e <2017/01/01> patch level 1
Babel <3.9r> and hyphenation patterns for 75 language(s) loaded.
("C:\Program Files\MiKTeX 2.9\tex\latex\base\report.cls"
Document Class: report 2014/09/29 v1.4h Standard LaTeX document class
("C:\Program Files\MiKTeX 2.9\tex\latex\base\size12.clo"
File: size12.clo 2014/09/29 v1.4h Standard LaTeX file (size option)
)
\c@part=\count79
\c@chapter=\count80
\c@section=\count81
\c@subsection=\count82
\c@subsubsection=\count83
\c@paragraph=\count84
\c@subparagraph=\count85
\c@figure=\count86
\c@table=\count87
\abovecaptionskip=\skip41
\belowcaptionskip=\skip42
\bibindent=\dimen102
)
("C:\Program Files\MiKTeX 2.9\tex\latex\supertabular\supertabular.sty"
Package: supertabular 2004/02/20 v4.1e the supertabular environment
\c@tracingst=\count88
\ST@wd=\dimen103
\ST@rightskip=\skip43
\ST@leftskip=\skip44
\ST@parfillskip=\skip45
\ST@pageleft=\dimen104
\ST@headht=\dimen105
\ST@tailht=\dimen106
\ST@pagesofar=\dimen107
\ST@pboxht=\dimen108
\ST@lineht=\dimen109
\ST@stretchht=\dimen110
\ST@prevht=\dimen111
\ST@toadd=\dimen112
\ST@dimen=\dimen113
\ST@pbox=\box26
)
(fancyheadings.sty
\headrulewidth=\dimen114
\footrulewidth=\dimen115
\plainheadrulewidth=\dimen116
\plainfootrulewidth=\dimen117
\headwidth=\dimen118
) ("C:\Program Files\MiKTeX 2.9\tex\latex\graphics\epsfig.sty"
Package: epsfig 1999/02/16 v1.7a (e)psfig emulation (SPQR)
 ("C:\Program Files\MiKTeX 2.9\tex\latex\graphics\graphicx.sty"
Package: graphicx 2014/10/28 v1.0g Enhanced LaTeX Graphics (DPC,SPQR)

("C:\Program Files\MiKTeX 2.9\tex\latex\graphics\keyval.sty"
Package: keyval 2014/10/28 v1.15 key=value parser (DPC)
\KV@toks@=\toks14
)
("C:\Program Files\MiKTeX 2.9\tex\latex\graphics\graphics.sty"
Package: graphics 2016/10/09 v1.0u Standard LaTeX Graphics (DPC,SPQR)

("C:\Program Files\MiKTeX 2.9\tex\latex\graphics\trig.sty"
Package: trig 2016/01/03 v1.10 sin cos tan (DPC)
)
("C:\Program Files\MiKTeX 2.9\tex\latex\graphics-cfg\graphics.cfg"
File: graphics.cfg 2016/06/04 v1.11 sample graphics configuration
)
Package graphics Info: Driver file: pdftex.def on input line 99.

("C:\Program Files\MiKTeX 2.9\tex\latex\graphics-def\pdftex.def"
File: pdftex.def 2017/01/12 v0.06k Graphics/color for pdfTeX

("C:\Program Files\MiKTeX 2.9\tex\generic\oberdiek\infwarerr.sty"
Package: infwarerr 2016/05/16 v1.4 Providing info/warning/error messages (HO)
)
("C:\Program Files\MiKTeX 2.9\tex\generic\oberdiek\ltxcmds.sty"
Package: ltxcmds 2016/05/16 v1.23 LaTeX kernel commands for general use (HO)
)
\Gread@gobject=\count89
))
\Gin@req@height=\dimen119
\Gin@req@width=\dimen120
)
\epsfxsize=\dimen121
\epsfysize=\dimen122
)
("C:\Program Files\MiKTeX 2.9\tex\latex\graphics\rotating.sty"
Package: rotating 2016/08/11 v2.16d rotated objects in LaTeX

("C:\Program Files\MiKTeX 2.9\tex\latex\base\ifthen.sty"
Package: ifthen 2014/09/29 v1.1c Standard LaTeX ifthen package (DPC)
)
\c@r@tfl@t=\count90
\rotFPtop=\skip46
\rotFPbot=\skip47
\rot@float@box=\box27
\rot@mess@toks=\toks15
)
("C:\Program Files\MiKTeX 2.9\tex\latex\setspace\setspace.sty"
Package: setspace 2011/12/19 v6.7a set line spacing
)
("C:\Program Files\MiKTeX 2.9\tex\latex\psnfss\times.sty"
Package: times 2005/04/12 PSNFSS-v9.2a (SPQR) 
)
("C:\Program Files\MiKTeX 2.9\tex\latex\subfigure\subfigure.sty"
Package: subfigure 2002/07/30 v2.1.4 subfigure package
\subfigtopskip=\skip48
\subfigcapskip=\skip49
\subfigcaptopadj=\dimen123
\subfigbottomskip=\skip50
\subfigcapmargin=\dimen124
\subfiglabelskip=\skip51
\c@subfigure=\count91
\c@lofdepth=\count92
\c@subtable=\count93
\c@lotdepth=\count94

****************************************
* Local config file subfigure.cfg used *
****************************************
("C:\Program Files\MiKTeX 2.9\tex\latex\subfigure\subfigure.cfg")
\subfig@top=\skip52
\subfig@bottom=\skip53
)
("C:\Program Files\MiKTeX 2.9\tex\latex\multirow\multirow.sty"
Package: multirow 2016/11/25 v2.2 Span multiple rows of a table
\multirow@colwidth=\skip54
\multirow@cntb=\count95
\multirow@dima=\skip55
\bigstrutjot=\dimen125
)
("C:\Program Files\MiKTeX 2.9\tex\latex\amsmath\amsmath.sty"
Package: amsmath 2016/11/05 v2.16a AMS math features
\@mathmargin=\skip56

For additional information on amsmath, use the `?' option.
("C:\Program Files\MiKTeX 2.9\tex\latex\amsmath\amstext.sty"
Package: amstext 2000/06/29 v2.01 AMS text

("C:\Program Files\MiKTeX 2.9\tex\latex\amsmath\amsgen.sty"
File: amsgen.sty 1999/11/30 v2.0 generic functions
\@emptytoks=\toks16
\ex@=\dimen126
))
("C:\Program Files\MiKTeX 2.9\tex\latex\amsmath\amsbsy.sty"
Package: amsbsy 1999/11/29 v1.2d Bold Symbols
\pmbraise@=\dimen127
)
("C:\Program Files\MiKTeX 2.9\tex\latex\amsmath\amsopn.sty"
Package: amsopn 2016/03/08 v2.02 operator names
)
\inf@bad=\count96
LaTeX Info: Redefining \frac on input line 213.
\uproot@=\count97
\leftroot@=\count98
LaTeX Info: Redefining \overline on input line 375.
\classnum@=\count99
\DOTSCASE@=\count100
LaTeX Info: Redefining \ldots on input line 472.
LaTeX Info: Redefining \dots on input line 475.
LaTeX Info: Redefining \cdots on input line 596.
\Mathstrutbox@=\box28
\strutbox@=\box29
\big@size=\dimen128
LaTeX Font Info:    Redeclaring font encoding OML on input line 712.
LaTeX Font Info:    Redeclaring font encoding OMS on input line 713.
\macc@depth=\count101
\c@MaxMatrixCols=\count102
\dotsspace@=\muskip10
\c@parentequation=\count103
\dspbrk@lvl=\count104
\tag@help=\toks17
\row@=\count105
\column@=\count106
\maxfields@=\count107
\andhelp@=\toks18
\eqnshift@=\dimen129
\alignsep@=\dimen130
\tagshift@=\dimen131
\tagwidth@=\dimen132
\totwidth@=\dimen133
\lineht@=\dimen134
\@envbody=\toks19
\multlinegap=\skip57
\multlinetaggap=\skip58
\mathdisplay@stack=\toks20
LaTeX Info: Redefining \[ on input line 2817.
LaTeX Info: Redefining \] on input line 2818.
)
("C:\Program Files\MiKTeX 2.9\tex\latex\graphics\lscape.sty"
Package: lscape 2000/10/22 v3.01 Landscape Pages (DPC)
)
("C:\Program Files\MiKTeX 2.9\tex\latex\url\url.sty"
\Urlmuskip=\muskip11
Package: url 2013/09/16  ver 3.4  Verb mode for urls, etc.
)
("C:\Program Files\MiKTeX 2.9\tex\latex\appendix\appendix.sty"
Package: appendix 2009/09/02 v1.2b extra appendix facilities
\c@@pps=\count108
\c@@ppsavesec=\count109
\c@@ppsaveapp=\count110
)
("C:\Program Files\MiKTeX 2.9\tex\latex\pdfpages\pdfpages.sty"
Package: pdfpages 2017/10/31 v0.5l Insert pages of external PDF documents (AM)

("C:\Program Files\MiKTeX 2.9\tex\latex\tools\calc.sty"
Package: calc 2014/10/28 v4.3 Infix arithmetic (KKT,FJ)
\calc@Acount=\count111
\calc@Bcount=\count112
\calc@Adimen=\dimen135
\calc@Bdimen=\dimen136
\calc@Askip=\skip59
\calc@Bskip=\skip60
LaTeX Info: Redefining \setlength on input line 80.
LaTeX Info: Redefining \addtolength on input line 81.
\calc@Ccount=\count113
\calc@Cskip=\skip61
)
("C:\Program Files\MiKTeX 2.9\tex\latex\eso-pic\eso-pic.sty"
Package: eso-pic 2015/07/21 v2.0g eso-pic (RN)

("C:\Program Files\MiKTeX 2.9\tex\generic\oberdiek\atbegshi.sty"
Package: atbegshi 2016/06/09 v1.18 At begin shipout hook (HO)

("C:\Program Files\MiKTeX 2.9\tex\generic\oberdiek\ifpdf.sty"
Package: ifpdf 2016/05/14 v3.1 Provides the ifpdf switch
))
("C:\Program Files\MiKTeX 2.9\tex\latex\xcolor\xcolor.sty"
Package: xcolor 2016/05/11 v2.12 LaTeX color extensions (UK)

("C:\Program Files\MiKTeX 2.9\tex\latex\graphics-cfg\color.cfg"
File: color.cfg 2016/01/02 v1.6 sample color configuration
)
Package xcolor Info: Driver file: pdftex.def on input line 225.
Package xcolor Info: Model `cmy' substituted by `cmy0' on input line 1348.
Package xcolor Info: Model `hsb' substituted by `rgb' on input line 1352.
Package xcolor Info: Model `RGB' extended on input line 1364.
Package xcolor Info: Model `HTML' substituted by `rgb' on input line 1366.
Package xcolor Info: Model `Hsb' substituted by `hsb' on input line 1367.
Package xcolor Info: Model `tHsb' substituted by `hsb' on input line 1368.
Package xcolor Info: Model `HSB' substituted by `hsb' on input line 1369.
Package xcolor Info: Model `Gray' substituted by `gray' on input line 1370.
Package xcolor Info: Model `wave' substituted by `hsb' on input line 1371.
))
\AM@pagewidth=\dimen137
\AM@pageheight=\dimen138

("C:\Program Files\MiKTeX 2.9\tex\latex\pdfpages\pppdftex.def"
File: pppdftex.def 2017/10/31 v0.5l Pdfpages driver for pdfTeX (AM)
)
\AM@pagebox=\box30
\AM@global@opts=\toks21
\AM@toc@title=\toks22
\c@AM@survey=\count114
\AM@templatesizebox=\box31
)
("C:\Program Files\MiKTeX 2.9\tex\latex\natbib\natbib.sty"
Package: natbib 2010/09/13 8.31b (PWD, AO)
\bibhang=\skip62
\bibsep=\skip63
LaTeX Info: Redefining \cite on input line 694.
\c@NAT@ctr=\count115
)
("C:\Program Files\MiKTeX 2.9\tex\latex\tools\array.sty"
Package: array 2016/10/06 v2.4d Tabular extension package (FMi)
\col@sep=\dimen139
\extrarowheight=\dimen140
\NC@list=\toks23
\extratabsurround=\skip64
\backup@length=\skip65
)
("C:\Program Files\MiKTeX 2.9\tex\latex\makecell\makecell.sty"
Package: makecell 2009/08/03 V0.1e Managing of Tab Column Heads and Cells
\rotheadsize=\dimen141
\c@nlinenum=\count116
\TeXr@lab=\toks24
)
("C:\Program Files\MiKTeX 2.9\tex\latex\emptypage\emptypage.sty"
Package: emptypage 2010/05/30 v1.2 Suppress page numbers and headings on empty 
pages
)
("C:\Program Files\MiKTeX 2.9\tex\latex\tocbibind\tocbibind.sty"
Package: tocbibind 2010/10/13 v1.5k extra ToC listings
Package tocbibind Info: The document has chapter divisions on input line 50.


Package tocbibind Note: Using chapter style headings, unless overridden.

) ("C:\Program Files\MiKTeX 2.9\tex\latex\geometry\geometry.sty"
Package: geometry 2010/09/12 v5.6 Page Geometry

("C:\Program Files\MiKTeX 2.9\tex\generic\oberdiek\ifvtex.sty"
Package: ifvtex 2016/05/16 v1.6 Detect VTeX and its facilities (HO)
Package ifvtex Info: VTeX not detected.
)
("C:\Program Files\MiKTeX 2.9\tex\generic\ifxetex\ifxetex.sty"
Package: ifxetex 2010/09/12 v0.6 Provides ifxetex conditional
)
\Gm@cnth=\count117
\Gm@cntv=\count118
\c@Gm@tempcnt=\count119
\Gm@bindingoffset=\dimen142
\Gm@wd@mp=\dimen143
\Gm@odd@mp=\dimen144
\Gm@even@mp=\dimen145
\Gm@layoutwidth=\dimen146
\Gm@layoutheight=\dimen147
\Gm@layouthoffset=\dimen148
\Gm@layoutvoffset=\dimen149
\Gm@dimlist=\toks25

("C:\Program Files\MiKTeX 2.9\tex\latex\geometry\geometry.cfg"))
(thesis-NITA.aux (chapters/chap1.aux) (chapters/chap2.aux) (chapters/chap3.aux)
(chapters/chap4.aux) (chapters/chap5.aux)

Package natbib Warning: Citation `latexcompanion' multiply defined.


Package natbib Warning: Citation `einstein' multiply defined.


Package natbib Warning: Citation `knuthwebsite' multiply defined.


Package natbib Warning: Citation `prabhu:xx' multiply defined.


Package natbib Warning: Citation `viz:mayavi' multiply defined.


Package natbib Warning: Citation `py:python' multiply defined.

)
\openout1 = `thesis-NITA.aux'.

LaTeX Font Info:    Checking defaults for OML/cmm/m/it on input line 65.
LaTeX Font Info:    ... okay on input line 65.
LaTeX Font Info:    Checking defaults for T1/cmr/m/n on input line 65.
LaTeX Font Info:    ... okay on input line 65.
LaTeX Font Info:    Checking defaults for OT1/cmr/m/n on input line 65.
LaTeX Font Info:    ... okay on input line 65.
LaTeX Font Info:    Checking defaults for OMS/cmsy/m/n on input line 65.
LaTeX Font Info:    ... okay on input line 65.
LaTeX Font Info:    Checking defaults for OMX/cmex/m/n on input line 65.
LaTeX Font Info:    ... okay on input line 65.
LaTeX Font Info:    Checking defaults for U/cmr/m/n on input line 65.
LaTeX Font Info:    ... okay on input line 65.
LaTeX Font Info:    Try loading font information for OT1+ptm on input line 65.
 ("C:\Program Files\MiKTeX 2.9\tex\latex\psnfss\ot1ptm.fd"
File: ot1ptm.fd 2001/06/04 font definitions for OT1/ptm.
)
("C:\Program Files\MiKTeX 2.9\tex\context\base\supp-pdf.mkii"
[Loading MPS to PDF converter (version 2006.09.02).]
\scratchcounter=\count120
\scratchdimen=\dimen150
\scratchbox=\box32
\nofMPsegments=\count121
\nofMParguments=\count122
\everyMPshowfont=\toks26
\MPscratchCnt=\count123
\MPscratchDim=\dimen151
\MPnumerator=\count124
\makeMPintoPDFobject=\count125
\everyMPtoPDFconversion=\toks27
) ("C:\Program Files\MiKTeX 2.9\tex\generic\oberdiek\pdftexcmds.sty"
Package: pdftexcmds 2016/05/21 v0.22 Utility functions of pdfTeX for LuaTeX (HO
)

("C:\Program Files\MiKTeX 2.9\tex\generic\oberdiek\ifluatex.sty"
Package: ifluatex 2016/05/16 v1.4 Provides the ifluatex switch (HO)
Package ifluatex Info: LuaTeX not detected.
)
Package pdftexcmds Info: LuaTeX not detected.
Package pdftexcmds Info: \pdf@primitive is available.
Package pdftexcmds Info: \pdf@ifprimitive is available.
Package pdftexcmds Info: \pdfdraftmode found.
)
("C:\Program Files\MiKTeX 2.9\tex\latex\oberdiek\epstopdf-base.sty"
Package: epstopdf-base 2016/05/15 v2.6 Base part for package epstopdf

("C:\Program Files\MiKTeX 2.9\tex\latex\oberdiek\grfext.sty"
Package: grfext 2016/05/16 v1.2 Manage graphics extensions (HO)

("C:\Program Files\MiKTeX 2.9\tex\generic\oberdiek\kvdefinekeys.sty"
Package: kvdefinekeys 2016/05/16 v1.4 Define keys (HO)
))
("C:\Program Files\MiKTeX 2.9\tex\latex\oberdiek\kvoptions.sty"
Package: kvoptions 2016/05/16 v3.12 Key value format for package options (HO)

("C:\Program Files\MiKTeX 2.9\tex\generic\oberdiek\kvsetkeys.sty"
Package: kvsetkeys 2016/05/16 v1.17 Key value parser (HO)

("C:\Program Files\MiKTeX 2.9\tex\generic\oberdiek\etexcmds.sty"
Package: etexcmds 2016/05/16 v1.6 Avoid name clashes with e-TeX commands (HO)
Package etexcmds Info: Could not find \expanded.
(etexcmds)             That can mean that you are not using pdfTeX 1.50 or
(etexcmds)             that some package has redefined \expanded.
(etexcmds)             In the latter case, load this package earlier.
)))
Package epstopdf-base Info: Redefining graphics rule for `.eps' on input line 4
38.
Package grfext Info: Graphics extension search list:
(grfext)             [.png,.pdf,.jpg,.mps,.jpeg,.jbig2,.jb2,.PNG,.PDF,.JPG,.JPE
G,.JBIG2,.JB2,.eps]
(grfext)             \AppendGraphicsExtensions on input line 456.
)
\AtBeginShipoutBox=\box33

("C:\Program Files\MiKTeX 2.9\tex\latex\oberdiek\pdflscape.sty"
Package: pdflscape 2016/05/14 v0.11 Display of landscape pages in PDF (HO)
Package pdflscape Info: Auto-detected driver: pdftex on input line 81.
)
*geometry* driver: auto-detecting
*geometry* detected driver: pdftex
*geometry* verbose mode - [ preamble ] result:
* driver: pdftex
* paper: a4paper
* layout: <same size as paper>
* layoutoffset:(h,v)=(0.0pt,0.0pt)
* modes: twoside 
* h-part:(L,W,R)=(165.02597pt, 398.33861pt, 34.1433pt)
* v-part:(T,H,B)=(71.13188pt, 702.78308pt, 71.13188pt)
* \paperwidth=597.50787pt
* \paperheight=845.04684pt
* \textwidth=444.46005pt
* \textheight=674.27922pt
* \oddsidemargin=23.12692pt
* \evensidemargin=0.0pt
* \topmargin=0.0pt
* \headheight=12.0pt
* \headsep=25.0pt
* \topskip=12.0pt
* \footskip=30.0pt
* \marginparwidth=95.0pt
* \marginparsep=10.0pt
* \columnsep=10.0pt
* \skip\footins=10.8pt plus 4.0pt minus 2.0pt
* \hoffset=0.0pt
* \voffset=-28.45274pt
* \mag=1000
* \@twocolumnfalse
* \@twosidetrue
* \@mparswitchtrue
* \@reversemarginfalse
* (1in=72.27pt=25.4mm, 1cm=28.453pt)

(cover.tex
LaTeX Font Info:    Font shape `OT1/ptm/bx/n' in size <17.28> not available
(Font)              Font shape `OT1/ptm/b/n' tried instead on input line 3.
Package epstopdf Info: Source file: <nita.eps>
(epstopdf)                    date: 2018-03-12 14:41:10
(epstopdf)                    size: 248957 bytes
(epstopdf)             Output file: <nita-eps-converted-to.pdf>
(epstopdf)                    date: 2018-03-13 22:41:06
(epstopdf)                    size: 12168 bytes
(epstopdf)             Command: <epstopdf --outfile=nita-eps-converted-to.pdf n
ita.eps>
(epstopdf)             \includegraphics on input line 14.
Package epstopdf Info: Output file is already uptodate.
 <nita-eps-converted-to.pdf, id=1, 144.54pt x 144.54pt>
File: nita-eps-converted-to.pdf Graphic file (type pdf)

<use nita-eps-converted-to.pdf>
Package pdftex.def Info: nita-eps-converted-to.pdf used on input line 14.
(pdftex.def)             Requested size: 142.27016pt x 142.26378pt.
LaTeX Font Info:    Font shape `OT1/ptm/bx/n' in size <14.4> not available
(Font)              Font shape `OT1/ptm/b/n' tried instead on input line 31.
) [1

{C:/ProgramData/MiKTeX/2.9/pdftex/config/pdftex.map} <./nita-eps-converted-to.p
df>] [2

] (title.tex
LaTeX Font Info:    Font shape `OT1/ptm/bx/n' in size <12> not available
(Font)              Font shape `OT1/ptm/b/n' tried instead on input line 10.
LaTeX Font Info:    Font shape `OT1/ptm/bx/it' in size <12> not available
(Font)              Font shape `OT1/ptm/b/it' tried instead on input line 10.
Package epstopdf Info: Source file: <nita.eps>
(epstopdf)                    date: 2018-03-12 14:41:10
(epstopdf)                    size: 248957 bytes
(epstopdf)             Output file: <nita-eps-converted-to.pdf>
(epstopdf)                    date: 2018-03-13 22:41:06
(epstopdf)                    size: 12168 bytes
(epstopdf)             Command: <epstopdf --outfile=nita-eps-converted-to.pdf n
ita.eps>
(epstopdf)             \includegraphics on input line 55.
Package epstopdf Info: Output file is already uptodate.
File: nita-eps-converted-to.pdf Graphic file (type pdf)

<use nita-eps-converted-to.pdf>
Package pdftex.def Info: nita-eps-converted-to.pdf used on input line 55.
(pdftex.def)             Requested size: 144.53963pt x 144.53963pt.
) [3

] [4

] (side.tex
Overfull \hbox (16.22313pt too wide) in paragraph at lines 15--15
[]|[]| 
 []

LaTeX Font Info:    Font shape `OT1/ptm/bx/n' in size <10.95> not available
(Font)              Font shape `OT1/ptm/b/n' tried instead on input line 15.
Package epstopdf Info: Source file: <nita.eps>
(epstopdf)                    date: 2018-03-12 14:41:10
(epstopdf)                    size: 248957 bytes
(epstopdf)             Output file: <nita-eps-converted-to.pdf>
(epstopdf)                    date: 2018-03-13 22:41:06
(epstopdf)                    size: 12168 bytes
(epstopdf)             Command: <epstopdf --outfile=nita-eps-converted-to.pdf n
ita.eps>
(epstopdf)             \includegraphics on input line 15.
Package epstopdf Info: Output file is already uptodate.
File: nita-eps-converted-to.pdf Graphic file (type pdf)
<use nita-eps-converted-to.pdf>
Package pdftex.def Info: nita-eps-converted-to.pdf used on input line 15.
(pdftex.def)             Requested size: 42.67862pt x 42.67912pt.

Overfull \hbox (6.70145pt too wide) in paragraph at lines 15--15
[]|[]| 
 []


Overfull \hbox (10.1083pt too wide) in paragraph at lines 15--15
[]|[]| 
 []

) [5] [6

] (dedi.tex) [1] [2

]
LaTeX Font Info:    Font shape `OT1/ptm/bx/n' in size <24.88> not available
(Font)              Font shape `OT1/ptm/b/n' tried instead on input line 98.
 (approval.tex
Underfull \hbox (badness 10000) in paragraph at lines 9--36

 []

) [3] [4

] (declaration.tex
Underfull \hbox (badness 10000) in paragraph at lines 1--3

 []

) [5

] [6

] (cert.tex) [7

] [8

] (acknowldegement.tex) [9

] [10

] (thesis-NITA.toc
[11

] [12]
LaTeX Font Info:    Font shape `OT1/ptm/bx/n' in size <8> not available
(Font)              Font shape `OT1/ptm/b/n' tried instead on input line 49.
)
\tf@toc=\write3
\openout3 = `thesis-NITA.toc'.

 [13] [14

] (thesis-NITA.lof)
\tf@lof=\write4
\openout4 = `thesis-NITA.lof'.

 [15

] [16

] (thesis-NITA.lot)
\tf@lot=\write5
\openout5 = `thesis-NITA.lot'.

 [17

]
[18

] (nomen.tex
Underfull \hbox (badness 10000) in paragraph at lines 1--3

 []

[19

]) [20

] (abst.tex) [21

] [22

]
\openout2 = `chapters/chap1.aux'.

 (chapters/chap1.tex
Chapter 1.
[1





]
LaTeX Font Info:    Try loading font information for OMS+ptm on input line 21.
 ("C:\Program Files\MiKTeX 2.9\tex\latex\psnfss\omsptm.fd"
File: omsptm.fd 
)
LaTeX Font Info:    Font shape `OMS/ptm/m/n' in size <12> not available
(Font)              Font shape `OMS/cmsy/m/n' tried instead on input line 21.
 [2]
LaTeX Font Info:    Try loading font information for OT1+pcr on input line 41.

("C:\Program Files\MiKTeX 2.9\tex\latex\psnfss\ot1pcr.fd"
File: ot1pcr.fd 2001/06/04 font definitions for OT1/pcr.
)) [3] [4


]
\openout2 = `chapters/chap2.aux'.


(chapters/chap2.tex
Chapter 2.
) [5


]
\openout2 = `chapters/chap3.aux'.

 (chapters/chap3.tex [6



]
Chapter 3.
[7] [8]) [9] [10


]
\openout2 = `chapters/chap4.aux'.

 (chapters/chap4.tex
Chapter 4.

Overfull \hbox (16.35847pt too wide) in paragraph at lines 9--10
[]\OT1/ptm/m/n/12 B.Tech./B.T.(Engg Physics)/BSMS/M.Sc. Project Re-port Sad-dle
 brown[RGB (139,69,19)] 
 []

[11


]
Missing character: There is no ‚ in font ptmr7t!
Missing character: There is no Ä in font ptmr7t!
Missing character: There is no ù in font ptmr7t!
Missing character: There is no ‚ in font ptmr7t!
Missing character: There is no Ä in font ptmr7t!
Missing character: There is no ¶ in font ptmr7t!
Missing character: There is no ‚ in font ptmr7t!
Missing character: There is no Ä in font ptmr7t!
Missing character: There is no ¶ in font ptmr7t!
Missing character: There is no ‚ in font ptmr7t!
Missing character: There is no Ä in font ptmr7t!
Missing character: There is no ¢ in font ptmr7t!
 [12]
Missing character: There is no ‚ in font ptmr7t!
Missing character: There is no Ä in font ptmr7t!
Missing character: There is no ú in font ptmr7t!
Missing character: There is no ‚ in font ptmr7t!
Missing character: There is no Ä in font ptmr7t!
Missing character: There is no ù in font ptmr7t!
 [13] [14]) [15] [16


]
\openout2 = `chapters/chap5.aux'.

 (chapters/chap5.tex
Chapter 5.
LaTeX Font Info:    Font shape `OT1/ptm/bx/n' in size <20.74> not available
(Font)              Font shape `OT1/ptm/b/n' tried instead on input line 1.

Underfull \vbox (badness 10000) has occurred while \output is active []

 [17


]
Package epstopdf Info: Source file: <nita.eps>
(epstopdf)                    date: 2018-03-12 14:41:10
(epstopdf)                    size: 248957 bytes
(epstopdf)             Output file: <nita-eps-converted-to.pdf>
(epstopdf)                    date: 2018-03-13 22:41:06
(epstopdf)                    size: 12168 bytes
(epstopdf)             Command: <epstopdf --outfile=nita-eps-converted-to.pdf n
ita.eps>
(epstopdf)             \includegraphics on input line 34.
Package epstopdf Info: Output file is already uptodate.
File: nita-eps-converted-to.pdf Graphic file (type pdf)

<use nita-eps-converted-to.pdf>
Package pdftex.def Info: nita-eps-converted-to.pdf used on input line 34.
(pdftex.def)             Requested size: 144.53963pt x 144.53963pt.
Package epstopdf Info: Source file: <nita.eps>
(epstopdf)                    date: 2018-03-12 14:41:10
(epstopdf)                    size: 248957 bytes
(epstopdf)             Output file: <nita-eps-converted-to.pdf>
(epstopdf)                    date: 2018-03-13 22:41:06
(epstopdf)                    size: 12168 bytes
(epstopdf)             Command: <epstopdf --outfile=nita-eps-converted-to.pdf n
ita.eps>
(epstopdf)             \includegraphics on input line 35.
Package epstopdf Info: Output file is already uptodate.
File: nita-eps-converted-to.pdf Graphic file (type pdf)
 <use nita-eps-converted-to.pdf>
Package pdftex.def Info: nita-eps-converted-to.pdf used on input line 35.
(pdftex.def)             Requested size: 144.53963pt x 144.53963pt.
 [18]
Overfull \hbox (13.92319pt too wide) in paragraph at lines 106--108
[]\OT1/ptm/m/n/12 The no-ta-tion page can be en-tered man-u-ally or au-to-mat-i
-cally gen-er-ated us-ing the \OT1/pcr/m/n/12 nomencl
 []

) [19] [20


] (thesis-NITA.bbl
Underfull \hbox (badness 10000) in paragraph at lines 23--26
[]\OT1/ptm/m/n/12 Donald Knuth.  Knuth: Com-put-ers and type-set-ting.  URL $\O
T1/pcr/m/n/12 http : / /
 []

) [1






] [2

]
Appendix A.


pdfTeX warning: pdflatex.exe (file ./specimen.pdf): PDF inclusion: found PDF ve
rsion <1.7>, but at most version <1.5> allowed
<specimen.pdf, id=179, 614.295pt x 794.97pt>
File: specimen.pdf Graphic file (type pdf)
 <use specimen.pdf>
Package pdftex.def Info: specimen.pdf used on input line 288.
(pdftex.def)             Requested size: 614.29349pt x 794.96806pt.


pdfTeX warning: pdflatex.exe (file ./specimen.pdf): PDF inclusion: found PDF ve
rsion <1.7>, but at most version <1.5> allowed
File: specimen.pdf Graphic file (type pdf)
<use specimen.pdf>
Package pdftex.def Info: specimen.pdf used on input line 288.
(pdftex.def)             Requested size: 614.29349pt x 794.96806pt.


pdfTeX warning: pdflatex.exe (file ./specimen.pdf): PDF inclusion: found PDF ve
rsion <1.7>, but at most version <1.5> allowed


pdfTeX warning: pdflatex.exe (file ./specimen.pdf): PDF inclusion: found PDF ve
rsion <1.7>, but at most version <1.5> allowed
<specimen.pdf, id=182, page=1, 614.295pt x 794.97pt>
File: specimen.pdf Graphic file (type pdf)

<use specimen.pdf, page 1>
Package pdftex.def Info: specimen.pdf, page1 used on input line 288.
(pdftex.def)             Requested size: 614.29349pt x 794.96806pt.
File: specimen.pdf Graphic file (type pdf)
 <use specimen.pdf, page 1>
Package pdftex.def Info: specimen.pdf, page1 used on input line 288.
(pdftex.def)             Requested size: 597.78697pt x 773.60669pt.
 [3

]
File: specimen.pdf Graphic file (type pdf)

<use specimen.pdf, page 1>
Package pdftex.def Info: specimen.pdf, page1 used on input line 288.
(pdftex.def)             Requested size: 597.78697pt x 773.60669pt.
File: specimen.pdf Graphic file (type pdf)
 <use specimen.pdf, page 1>
Package pdftex.def Info: specimen.pdf, page1 used on input line 288.
(pdftex.def)             Requested size: 597.78697pt x 773.60669pt.
File: specimen.pdf Graphic file (type pdf)

<use specimen.pdf, page 1>
Package pdftex.def Info: specimen.pdf, page1 used on input line 288.
(pdftex.def)             Requested size: 597.78697pt x 773.60669pt.
 [4 <./specimen.pdf>]

pdfTeX warning: pdflatex.exe (file ./specimen.pdf): PDF inclusion: found PDF ve
rsion <1.7>, but at most version <1.5> allowed
<specimen.pdf, id=226, page=2, 614.295pt x 794.97pt>
File: specimen.pdf Graphic file (type pdf)

<use specimen.pdf, page 2>
Package pdftex.def Info: specimen.pdf, page2 used on input line 288.
(pdftex.def)             Requested size: 597.78697pt x 773.60669pt.
File: specimen.pdf Graphic file (type pdf)
 <use specimen.pdf, page 2>
Package pdftex.def Info: specimen.pdf, page2 used on input line 288.
(pdftex.def)             Requested size: 597.78697pt x 773.60669pt.
File: specimen.pdf Graphic file (type pdf)

<use specimen.pdf, page 2>
Package pdftex.def Info: specimen.pdf, page2 used on input line 288.
(pdftex.def)             Requested size: 597.78697pt x 773.60669pt.
 [5 <./specimen.pdf>]

pdfTeX warning: pdflatex.exe (file ./specimen.pdf): PDF inclusion: found PDF ve
rsion <1.7>, but at most version <1.5> allowed
<specimen.pdf, id=244, page=3, 614.295pt x 794.97pt>
File: specimen.pdf Graphic file (type pdf)

<use specimen.pdf, page 3>
Package pdftex.def Info: specimen.pdf, page3 used on input line 288.
(pdftex.def)             Requested size: 597.78697pt x 773.60669pt.
File: specimen.pdf Graphic file (type pdf)
 <use specimen.pdf, page 3>
Package pdftex.def Info: specimen.pdf, page3 used on input line 288.
(pdftex.def)             Requested size: 597.78697pt x 773.60669pt.
File: specimen.pdf Graphic file (type pdf)

<use specimen.pdf, page 3>
Package pdftex.def Info: specimen.pdf, page3 used on input line 288.
(pdftex.def)             Requested size: 597.78697pt x 773.60669pt.
 [6 <./specimen.pdf>]

pdfTeX warning: pdflatex.exe (file ./specimen.pdf): PDF inclusion: found PDF ve
rsion <1.7>, but at most version <1.5> allowed
<specimen.pdf, id=261, page=4, 614.295pt x 794.97pt>
File: specimen.pdf Graphic file (type pdf)

<use specimen.pdf, page 4>
Package pdftex.def Info: specimen.pdf, page4 used on input line 288.
(pdftex.def)             Requested size: 597.78697pt x 773.60669pt.
File: specimen.pdf Graphic file (type pdf)
 <use specimen.pdf, page 4>
Package pdftex.def Info: specimen.pdf, page4 used on input line 288.
(pdftex.def)             Requested size: 597.78697pt x 773.60669pt.
File: specimen.pdf Graphic file (type pdf)

<use specimen.pdf, page 4>
Package pdftex.def Info: specimen.pdf, page4 used on input line 288.
(pdftex.def)             Requested size: 597.78697pt x 773.60669pt.
 [7 <./specimen.pdf>]

pdfTeX warning: pdflatex.exe (file ./specimen.pdf): PDF inclusion: found PDF ve
rsion <1.7>, but at most version <1.5> allowed
<specimen.pdf, id=267, page=5, 614.295pt x 794.97pt>
File: specimen.pdf Graphic file (type pdf)

<use specimen.pdf, page 5>
Package pdftex.def Info: specimen.pdf, page5 used on input line 288.
(pdftex.def)             Requested size: 597.78697pt x 773.60669pt.
File: specimen.pdf Graphic file (type pdf)
 <use specimen.pdf, page 5>
Package pdftex.def Info: specimen.pdf, page5 used on input line 288.
(pdftex.def)             Requested size: 597.78697pt x 773.60669pt.
File: specimen.pdf Graphic file (type pdf)

<use specimen.pdf, page 5>
Package pdftex.def Info: specimen.pdf, page5 used on input line 288.
(pdftex.def)             Requested size: 597.78697pt x 773.60669pt.
 [8 <./specimen.pdf>]

pdfTeX warning: pdflatex.exe (file ./specimen.pdf): PDF inclusion: found PDF ve
rsion <1.7>, but at most version <1.5> allowed
<specimen.pdf, id=272, page=6, 614.295pt x 794.97pt>
File: specimen.pdf Graphic file (type pdf)

<use specimen.pdf, page 6>
Package pdftex.def Info: specimen.pdf, page6 used on input line 288.
(pdftex.def)             Requested size: 597.78697pt x 773.60669pt.
File: specimen.pdf Graphic file (type pdf)
 <use specimen.pdf, page 6>
Package pdftex.def Info: specimen.pdf, page6 used on input line 288.
(pdftex.def)             Requested size: 597.78697pt x 773.60669pt.
File: specimen.pdf Graphic file (type pdf)

<use specimen.pdf, page 6>
Package pdftex.def Info: specimen.pdf, page6 used on input line 288.
(pdftex.def)             Requested size: 597.78697pt x 773.60669pt.
 [9 <./specimen.pdf>]

pdfTeX warning: pdflatex.exe (file ./specimen.pdf): PDF inclusion: found PDF ve
rsion <1.7>, but at most version <1.5> allowed
<specimen.pdf, id=277, page=7, 614.295pt x 794.97pt>
File: specimen.pdf Graphic file (type pdf)

<use specimen.pdf, page 7>
Package pdftex.def Info: specimen.pdf, page7 used on input line 288.
(pdftex.def)             Requested size: 597.78697pt x 773.60669pt.
File: specimen.pdf Graphic file (type pdf)
 <use specimen.pdf, page 7>
Package pdftex.def Info: specimen.pdf, page7 used on input line 288.
(pdftex.def)             Requested size: 597.78697pt x 773.60669pt.
File: specimen.pdf Graphic file (type pdf)

<use specimen.pdf, page 7>
Package pdftex.def Info: specimen.pdf, page7 used on input line 288.
(pdftex.def)             Requested size: 597.78697pt x 773.60669pt.
 [10 <./specimen.pdf>] (cv.tex) [11


] [12

]
(thesis-NITA.bbl
Underfull \hbox (badness 10000) in paragraph at lines 23--26
[]\OT1/ptm/m/n/12 Donald Knuth.  Knuth: Com-put-ers and type-set-ting.  URL $\O
T1/pcr/m/n/12 http : / /
 []

)

Package natbib Warning: There were multiply defined citations.

[13

] (thesis-NITA.aux (chapters/chap1.aux) (chapters/chap2.aux)
(chapters/chap3.aux) (chapters/chap4.aux) (chapters/chap5.aux)) ) 
Here is how much of TeX's memory you used:
 5455 strings out of 493333
 74560 string characters out of 3139192
 156965 words of memory out of 3000000
 8761 multiletter control sequences out of 15000+200000
 39444 words of font info for 79 fonts, out of 3000000 for 9000
 1141 hyphenation exceptions out of 8191
 40i,23n,46p,811b,443s stack positions out of 5000i,500n,10000p,200000b,50000s
{C:/Program Fi
les/MiKTeX 2.9/fonts/enc/dvips/base/8r.enc}<C:/Program Files/MiKTeX 2.9/fonts/t
ype1/public/amsfonts/cm/cmmi12.pfb><C:/Program Files/MiKTeX 2.9/fonts/type1/pub
lic/amsfonts/cm/cmmi8.pfb><C:/Program Files/MiKTeX 2.9/fonts/type1/public/amsfo
nts/cm/cmr12.pfb><C:/Program Files/MiKTeX 2.9/fonts/type1/public/amsfonts/cm/cm
r8.pfb><C:/Program Files/MiKTeX 2.9/fonts/type1/public/amsfonts/cm/cmsy10.pfb><
C:/Program Files/MiKTeX 2.9/fonts/type1/public/amsfonts/cm/cmsy8.pfb><C:/Progra
m Files/MiKTeX 2.9/fonts/type1/urw/courier/ucrr8a.pfb><C:/Program Files/MiKTeX 
2.9/fonts/type1/urw/times/utmb8a.pfb><C:/Program Files/MiKTeX 2.9/fonts/type1/u
rw/times/utmbi8a.pfb><C:/Program Files/MiKTeX 2.9/fonts/type1/urw/times/utmr8a.
pfb><C:/Program Files/MiKTeX 2.9/fonts/type1/urw/times/utmri8a.pfb>
Output written on thesis-NITA.pdf (61 pages, 465394 bytes).
PDF statistics:
 330 PDF objects out of 1000 (max. 8388607)
 0 named destinations out of 1000 (max. 500000)
 68 words of extra memory for PDF output out of 10000 (max. 10000000)

